<?xml version="1.0" encoding="UTF-8"?>
<!-- Generated by org.testng.reporters.JUnitReportReporter -->
<testsuite hostname="DESKTOP-OET6KL6" failures="0" tests="3" name="Tests.LookupTest" time="7.491" errors="0" timestamp="2023-05-20T13:58:19 IST" skipped="0">
  <testcase classname="Tests.LookupTest" name="TC_003VerifystateisAdded" time="1.911"/>
  <system-out/>
  <testcase classname="Tests.LookupTest" name="TC_004VerifyActionsinState" time="4.449"/>
  <system-out/>
  <testcase classname="Tests.LookupTest" name="TC_002NavigatetoLookup" time="1.131"/>
  <system-out/>
</testsuite> <!-- Tests.LookupTest -->
