<?xml version="1.0" encoding="UTF-8"?>
<!-- Generated by org.testng.reporters.JUnitReportReporter -->
<testsuite hostname="DESKTOP-OET6KL6" failures="0" tests="1" name="Tests.LoginTest" time="74.533" errors="0" timestamp="2023-05-20T13:58:19 IST" skipped="0">
  <testcase classname="Tests.LoginTest" name="TC001_Login" time="74.533"/>
  <system-out/>
</testsuite> <!-- Tests.LoginTest -->
