<?xml version="1.0" encoding="UTF-8"?>
<!-- Generated by org.testng.reporters.JUnitReportReporter -->
<testsuite hostname="DESKTOP-OET6KL6" failures="0" tests="3" name="Tests.LookupTest" time="9.757" errors="0" timestamp="2023-05-17T17:13:56 IST" skipped="0">
  <testcase classname="Tests.LookupTest" name="TC_004VerifyActionsinState" time="6.013"/>
  <system-out/>
  <testcase classname="Tests.LookupTest" name="TC_002NavigatetoLookup" time="1.264"/>
  <system-out/>
  <testcase classname="Tests.LookupTest" name="TC_003VerifystateisAdded" time="2.480"/>
  <system-out/>
</testsuite> <!-- Tests.LookupTest -->
